Analysis & Synthesis report for DE1_SoC
Thu Dec 01 21:30:30 2022
Quartus Prime Version 17.0.0 Build 595 04/25/2017 SJ Lite Edition


---------------------
; Table of Contents ;
---------------------
  1. Legal Notice
  2. Analysis & Synthesis Summary
  3. Analysis & Synthesis Settings
  4. Parallel Compilation
  5. Analysis & Synthesis Messages
  6. Analysis & Synthesis Suppressed Messages



----------------
; Legal Notice ;
----------------
Copyright (C) 2017  Intel Corporation. All rights reserved.
Your use of Intel Corporation's design tools, logic functions 
and other software and tools, and its AMPP partner logic 
functions, and any output files from any of the foregoing 
(including device programming or simulation files), and any 
associated documentation or information are expressly subject 
to the terms and conditions of the Intel Program License 
Subscription Agreement, the Intel Quartus Prime License Agreement,
the Intel MegaCore Function License Agreement, or other 
applicable license agreement, including, without limitation, 
that your use is for the sole purpose of programming logic 
devices manufactured by Intel and sold by Intel or its 
authorized distributors.  Please refer to the applicable 
agreement for further details.



+---------------------------------------------------------------------------+
; Analysis & Synthesis Summary                                              ;
+-----------------------------+---------------------------------------------+
; Analysis & Synthesis Status ; Failed - Thu Dec 01 21:30:30 2022           ;
; Quartus Prime Version       ; 17.0.0 Build 595 04/25/2017 SJ Lite Edition ;
; Revision Name               ; DE1_SoC                                     ;
; Top-level Entity Name       ; CPU_single                                  ;
; Family                      ; Cyclone V                                   ;
; Logic utilization (in ALMs) ; N/A until Partition Merge                   ;
; Total registers             ; N/A until Partition Merge                   ;
; Total pins                  ; N/A until Partition Merge                   ;
; Total virtual pins          ; N/A until Partition Merge                   ;
; Total block memory bits     ; N/A until Partition Merge                   ;
; Total PLLs                  ; N/A until Partition Merge                   ;
; Total DLLs                  ; N/A until Partition Merge                   ;
+-----------------------------+---------------------------------------------+


+---------------------------------------------------------------------------------------------------------------------------+
; Analysis & Synthesis Settings                                                                                             ;
+---------------------------------------------------------------------------------+--------------------+--------------------+
; Option                                                                          ; Setting            ; Default Value      ;
+---------------------------------------------------------------------------------+--------------------+--------------------+
; Device                                                                          ; 5CGXFC7C7F23C8     ;                    ;
; Top-level entity name                                                           ; CPU_single         ; DE1_SoC            ;
; Family name                                                                     ; Cyclone V          ; Cyclone V          ;
; Use smart compilation                                                           ; Off                ; Off                ;
; Enable parallel Assembler and TimeQuest Timing Analyzer during compilation      ; On                 ; On                 ;
; Enable compact report table                                                     ; Off                ; Off                ;
; Restructure Multiplexers                                                        ; Auto               ; Auto               ;
; MLAB Add Timing Constraints For Mixed-Port Feed-Through Mode Setting Don't Care ; Off                ; Off                ;
; Create Debugging Nodes for IP Cores                                             ; Off                ; Off                ;
; Preserve fewer node names                                                       ; On                 ; On                 ;
; OpenCore Plus hardware evaluation                                               ; Enable             ; Enable             ;
; Verilog Version                                                                 ; Verilog_2001       ; Verilog_2001       ;
; VHDL Version                                                                    ; VHDL_1993          ; VHDL_1993          ;
; State Machine Processing                                                        ; Auto               ; Auto               ;
; Safe State Machine                                                              ; Off                ; Off                ;
; Extract Verilog State Machines                                                  ; On                 ; On                 ;
; Extract VHDL State Machines                                                     ; On                 ; On                 ;
; Ignore Verilog initial constructs                                               ; Off                ; Off                ;
; Iteration limit for constant Verilog loops                                      ; 5000               ; 5000               ;
; Iteration limit for non-constant Verilog loops                                  ; 250                ; 250                ;
; Add Pass-Through Logic to Inferred RAMs                                         ; On                 ; On                 ;
; Infer RAMs from Raw Logic                                                       ; On                 ; On                 ;
; Parallel Synthesis                                                              ; On                 ; On                 ;
; DSP Block Balancing                                                             ; Auto               ; Auto               ;
; NOT Gate Push-Back                                                              ; On                 ; On                 ;
; Power-Up Don't Care                                                             ; On                 ; On                 ;
; Remove Redundant Logic Cells                                                    ; Off                ; Off                ;
; Remove Duplicate Registers                                                      ; On                 ; On                 ;
; Ignore CARRY Buffers                                                            ; Off                ; Off                ;
; Ignore CASCADE Buffers                                                          ; Off                ; Off                ;
; Ignore GLOBAL Buffers                                                           ; Off                ; Off                ;
; Ignore ROW GLOBAL Buffers                                                       ; Off                ; Off                ;
; Ignore LCELL Buffers                                                            ; Off                ; Off                ;
; Ignore SOFT Buffers                                                             ; On                 ; On                 ;
; Limit AHDL Integers to 32 Bits                                                  ; Off                ; Off                ;
; Optimization Technique                                                          ; Balanced           ; Balanced           ;
; Carry Chain Length                                                              ; 70                 ; 70                 ;
; Auto Carry Chains                                                               ; On                 ; On                 ;
; Auto Open-Drain Pins                                                            ; On                 ; On                 ;
; Perform WYSIWYG Primitive Resynthesis                                           ; Off                ; Off                ;
; Auto ROM Replacement                                                            ; On                 ; On                 ;
; Auto RAM Replacement                                                            ; On                 ; On                 ;
; Auto DSP Block Replacement                                                      ; On                 ; On                 ;
; Auto Shift Register Replacement                                                 ; Auto               ; Auto               ;
; Allow Shift Register Merging across Hierarchies                                 ; Auto               ; Auto               ;
; Auto Clock Enable Replacement                                                   ; On                 ; On                 ;
; Strict RAM Replacement                                                          ; Off                ; Off                ;
; Allow Synchronous Control Signals                                               ; On                 ; On                 ;
; Force Use of Synchronous Clear Signals                                          ; Off                ; Off                ;
; Auto Resource Sharing                                                           ; Off                ; Off                ;
; Allow Any RAM Size For Recognition                                              ; Off                ; Off                ;
; Allow Any ROM Size For Recognition                                              ; Off                ; Off                ;
; Allow Any Shift Register Size For Recognition                                   ; Off                ; Off                ;
; Use LogicLock Constraints during Resource Balancing                             ; On                 ; On                 ;
; Ignore translate_off and synthesis_off directives                               ; Off                ; Off                ;
; Timing-Driven Synthesis                                                         ; On                 ; On                 ;
; Report Parameter Settings                                                       ; On                 ; On                 ;
; Report Source Assignments                                                       ; On                 ; On                 ;
; Report Connectivity Checks                                                      ; On                 ; On                 ;
; Ignore Maximum Fan-Out Assignments                                              ; Off                ; Off                ;
; Synchronization Register Chain Length                                           ; 3                  ; 3                  ;
; PowerPlay Power Optimization During Synthesis                                   ; Normal compilation ; Normal compilation ;
; HDL message level                                                               ; Level2             ; Level2             ;
; Suppress Register Optimization Related Messages                                 ; Off                ; Off                ;
; Number of Removed Registers Reported in Synthesis Report                        ; 5000               ; 5000               ;
; Number of Swept Nodes Reported in Synthesis Report                              ; 5000               ; 5000               ;
; Number of Inverted Registers Reported in Synthesis Report                       ; 100                ; 100                ;
; Clock MUX Protection                                                            ; On                 ; On                 ;
; Auto Gated Clock Conversion                                                     ; Off                ; Off                ;
; Block Design Naming                                                             ; Auto               ; Auto               ;
; SDC constraint protection                                                       ; Off                ; Off                ;
; Synthesis Effort                                                                ; Auto               ; Auto               ;
; Shift Register Replacement - Allow Asynchronous Clear Signal                    ; On                 ; On                 ;
; Pre-Mapping Resynthesis Optimization                                            ; Off                ; Off                ;
; Analysis & Synthesis Message Level                                              ; Medium             ; Medium             ;
; Disable Register Merging Across Hierarchies                                     ; Auto               ; Auto               ;
; Resource Aware Inference For Block RAM                                          ; On                 ; On                 ;
; Automatic Parallel Synthesis                                                    ; On                 ; On                 ;
; Partial Reconfiguration Bitstream ID                                            ; Off                ; Off                ;
+---------------------------------------------------------------------------------+--------------------+--------------------+


+------------------------------------------+
; Parallel Compilation                     ;
+----------------------------+-------------+
; Processors                 ; Number      ;
+----------------------------+-------------+
; Number detected on machine ; 16          ;
; Maximum allowed            ; 16          ;
;                            ;             ;
; Average used               ; 1.00        ;
; Maximum used               ; 1           ;
;                            ;             ;
; Usage by Processor         ; % Time Used ;
;     Processor 1            ; 100.0%      ;
+----------------------------+-------------+


+-------------------------------+
; Analysis & Synthesis Messages ;
+-------------------------------+
Info: *******************************************************************
Info: Running Quartus Prime Analysis & Synthesis
    Info: Version 17.0.0 Build 595 04/25/2017 SJ Lite Edition
    Info: Processing started: Thu Dec 01 21:30:14 2022
Info: Command: quartus_map --read_settings_files=on --write_settings_files=off DE1_SoC -c DE1_SoC
Info (20030): Parallel compilation is enabled and will use 16 of the 16 processors detected
Info (12021): Found 2 design units, including 2 entities, in source file zerocheck.sv
    Info (12023): Found entity 1: zeroCheck File: C:/Users/spbhi/OneDrive/Documents/SV files/EE469_Labs_correct/zeroCheck.sv Line: 7
    Info (12023): Found entity 2: zeroCheck_tb File: C:/Users/spbhi/OneDrive/Documents/SV files/EE469_Labs_correct/zeroCheck.sv Line: 45
Info (12021): Found 2 design units, including 2 entities, in source file zero_extender.sv
    Info (12023): Found entity 1: zero_extender File: C:/Users/spbhi/OneDrive/Documents/SV files/EE469_Labs_correct/zero_extender.sv Line: 4
    Info (12023): Found entity 2: zero_extender_tb File: C:/Users/spbhi/OneDrive/Documents/SV files/EE469_Labs_correct/zero_extender.sv Line: 22
Info (12021): Found 2 design units, including 2 entities, in source file xor_64_bit.sv
    Info (12023): Found entity 1: xor_64_bit File: C:/Users/spbhi/OneDrive/Documents/SV files/EE469_Labs_correct/xor_64_bit.sv Line: 5
    Info (12023): Found entity 2: xor_64_bit_testbench File: C:/Users/spbhi/OneDrive/Documents/SV files/EE469_Labs_correct/xor_64_bit.sv Line: 25
Info (12021): Found 2 design units, including 2 entities, in source file sign_extender.sv
    Info (12023): Found entity 1: sign_extender File: C:/Users/spbhi/OneDrive/Documents/SV files/EE469_Labs_correct/sign_extender.sv Line: 5
    Info (12023): Found entity 2: se_tb File: C:/Users/spbhi/OneDrive/Documents/SV files/EE469_Labs_correct/sign_extender.sv Line: 30
Info (12021): Found 1 design units, including 1 entities, in source file register64.sv
    Info (12023): Found entity 1: register64 File: C:/Users/spbhi/OneDrive/Documents/SV files/EE469_Labs_correct/register64.sv Line: 7
Info (12021): Found 1 design units, including 1 entities, in source file regfile.sv
    Info (12023): Found entity 1: regfile File: C:/Users/spbhi/OneDrive/Documents/SV files/EE469_Labs_correct/regfile.sv Line: 11
Info (12021): Found 2 design units, including 2 entities, in source file programcounter.sv
    Info (12023): Found entity 1: programCounter File: C:/Users/spbhi/OneDrive/Documents/SV files/EE469_Labs_correct/programCounter.sv Line: 5
    Info (12023): Found entity 2: programCounter_tb File: C:/Users/spbhi/OneDrive/Documents/SV files/EE469_Labs_correct/programCounter.sv Line: 108
Info (12021): Found 2 design units, including 2 entities, in source file or_64_bit.sv
    Info (12023): Found entity 1: or_64_bit File: C:/Users/spbhi/OneDrive/Documents/SV files/EE469_Labs_correct/or_64_bit.sv Line: 5
    Info (12023): Found entity 2: or_64_bit_testbench File: C:/Users/spbhi/OneDrive/Documents/SV files/EE469_Labs_correct/or_64_bit.sv Line: 25
Info (12021): Found 1 design units, including 1 entities, in source file mux64x32_1.sv
    Info (12023): Found entity 1: mux64x32_1 File: C:/Users/spbhi/OneDrive/Documents/SV files/EE469_Labs_correct/mux64x32_1.sv Line: 7
Info (12021): Found 2 design units, including 2 entities, in source file mux64x8_1.sv
    Info (12023): Found entity 1: mux64x8_1 File: C:/Users/spbhi/OneDrive/Documents/SV files/EE469_Labs_correct/mux64x8_1.sv Line: 6
    Info (12023): Found entity 2: mux64x8_1_testbench File: C:/Users/spbhi/OneDrive/Documents/SV files/EE469_Labs_correct/mux64x8_1.sv Line: 26
Info (12021): Found 2 design units, including 2 entities, in source file mux64x4_1.sv
    Info (12023): Found entity 1: mux64x4_1 File: C:/Users/spbhi/OneDrive/Documents/SV files/EE469_Labs_correct/mux64x4_1.sv Line: 7
    Info (12023): Found entity 2: mux64x4_1_testbench File: C:/Users/spbhi/OneDrive/Documents/SV files/EE469_Labs_correct/mux64x4_1.sv Line: 27
Info (12021): Found 2 design units, including 2 entities, in source file mux64x2_1_2scomp.sv
    Info (12023): Found entity 1: mux64x2_1_2scomp File: C:/Users/spbhi/OneDrive/Documents/SV files/EE469_Labs_correct/mux64x2_1_2scomp.sv Line: 4
    Info (12023): Found entity 2: mux64x2_1_2scomp_testbench File: C:/Users/spbhi/OneDrive/Documents/SV files/EE469_Labs_correct/mux64x2_1_2scomp.sv Line: 36
Info (12021): Found 2 design units, including 2 entities, in source file mux64x2_1.sv
    Info (12023): Found entity 1: mux64x2_1 File: C:/Users/spbhi/OneDrive/Documents/SV files/EE469_Labs_correct/mux64x2_1.sv Line: 6
    Info (12023): Found entity 2: mux64x2_1_testbench File: C:/Users/spbhi/OneDrive/Documents/SV files/EE469_Labs_correct/mux64x2_1.sv Line: 34
Info (12021): Found 1 design units, including 1 entities, in source file mux32_1.sv
    Info (12023): Found entity 1: mux32_1 File: C:/Users/spbhi/OneDrive/Documents/SV files/EE469_Labs_correct/mux32_1.sv Line: 6
Info (12021): Found 1 design units, including 1 entities, in source file mux16_1.sv
    Info (12023): Found entity 1: mux16_1 File: C:/Users/spbhi/OneDrive/Documents/SV files/EE469_Labs_correct/mux16_1.sv Line: 5
Info (12021): Found 1 design units, including 1 entities, in source file mux8_1.sv
    Info (12023): Found entity 1: mux8_1 File: C:/Users/spbhi/OneDrive/Documents/SV files/EE469_Labs_correct/mux8_1.sv Line: 5
Info (12021): Found 1 design units, including 1 entities, in source file mux4_1.sv
    Info (12023): Found entity 1: mux4_1 File: C:/Users/spbhi/OneDrive/Documents/SV files/EE469_Labs_correct/mux4_1.sv Line: 5
Info (12021): Found 1 design units, including 1 entities, in source file mux2_1.sv
    Info (12023): Found entity 1: mux2_1 File: C:/Users/spbhi/OneDrive/Documents/SV files/EE469_Labs_correct/mux2_1.sv Line: 7
Info (12021): Found 4 design units, including 4 entities, in source file math.sv
    Info (12023): Found entity 1: mult File: C:/Users/spbhi/OneDrive/Documents/SV files/EE469_Labs_correct/math.sv Line: 6
    Info (12023): Found entity 2: shifter File: C:/Users/spbhi/OneDrive/Documents/SV files/EE469_Labs_correct/math.sv Line: 36
    Info (12023): Found entity 3: shifter_testbench File: C:/Users/spbhi/OneDrive/Documents/SV files/EE469_Labs_correct/math.sv Line: 51
    Info (12023): Found entity 4: mult_testbench File: C:/Users/spbhi/OneDrive/Documents/SV files/EE469_Labs_correct/math.sv Line: 71
Info (12021): Found 2 design units, including 2 entities, in source file instructmem.sv
    Info (12023): Found entity 1: instructmem File: C:/Users/spbhi/OneDrive/Documents/SV files/EE469_Labs_correct/instructmem.sv Line: 22
    Info (12023): Found entity 2: instructmem_testbench File: C:/Users/spbhi/OneDrive/Documents/SV files/EE469_Labs_correct/instructmem.sv Line: 62
Info (12021): Found 2 design units, including 2 entities, in source file fulladder.sv
    Info (12023): Found entity 1: fullAdder File: C:/Users/spbhi/OneDrive/Documents/SV files/EE469_Labs_correct/fullAdder.sv Line: 6
    Info (12023): Found entity 2: fullAdder_testbench File: C:/Users/spbhi/OneDrive/Documents/SV files/EE469_Labs_correct/fullAdder.sv Line: 33
Info (12021): Found 2 design units, including 2 entities, in source file decoder5_32.sv
    Info (12023): Found entity 1: decoder5_32 File: C:/Users/spbhi/OneDrive/Documents/SV files/EE469_Labs_correct/decoder5_32.sv Line: 4
    Info (12023): Found entity 2: decoder5_32_testbench File: C:/Users/spbhi/OneDrive/Documents/SV files/EE469_Labs_correct/decoder5_32.sv Line: 27
Info (12021): Found 2 design units, including 2 entities, in source file decoder3_8.sv
    Info (12023): Found entity 1: decoder3_8 File: C:/Users/spbhi/OneDrive/Documents/SV files/EE469_Labs_correct/decoder3_8.sv Line: 6
    Info (12023): Found entity 2: decoder3_8_testbench File: C:/Users/spbhi/OneDrive/Documents/SV files/EE469_Labs_correct/decoder3_8.sv Line: 39
Info (12021): Found 2 design units, including 2 entities, in source file decoder2_4.sv
    Info (12023): Found entity 1: decoder2_4 File: C:/Users/spbhi/OneDrive/Documents/SV files/EE469_Labs_correct/decoder2_4.sv Line: 6
    Info (12023): Found entity 2: decoder2_4_testbench File: C:/Users/spbhi/OneDrive/Documents/SV files/EE469_Labs_correct/decoder2_4.sv Line: 31
Info (12021): Found 2 design units, including 2 entities, in source file datamem.sv
    Info (12023): Found entity 1: datamem File: C:/Users/spbhi/OneDrive/Documents/SV files/EE469_Labs_correct/datamem.sv Line: 12
    Info (12023): Found entity 2: datamem_testbench File: C:/Users/spbhi/OneDrive/Documents/SV files/EE469_Labs_correct/datamem.sv Line: 71
Info (12021): Found 2 design units, including 2 entities, in source file cpu_single.sv
    Info (12023): Found entity 1: CPU_single File: C:/Users/spbhi/OneDrive/Documents/SV files/EE469_Labs_correct/CPU_single.sv Line: 5
    Info (12023): Found entity 2: CPU_single_tb File: C:/Users/spbhi/OneDrive/Documents/SV files/EE469_Labs_correct/CPU_single.sv Line: 409
Info (12021): Found 2 design units, including 2 entities, in source file and_64_bit.sv
    Info (12023): Found entity 1: and_64_bit File: C:/Users/spbhi/OneDrive/Documents/SV files/EE469_Labs_correct/and_64_bit.sv Line: 6
    Info (12023): Found entity 2: and_64_bit_testbench File: C:/Users/spbhi/OneDrive/Documents/SV files/EE469_Labs_correct/and_64_bit.sv Line: 26
Info (12021): Found 1 design units, including 1 entities, in source file alustim.sv
    Info (12023): Found entity 1: alustim File: C:/Users/spbhi/OneDrive/Documents/SV files/EE469_Labs_correct/alustim.sv Line: 21
Info (12021): Found 1 design units, including 1 entities, in source file alu_pass_add_sub.sv
    Info (12023): Found entity 1: ALU File: C:/Users/spbhi/OneDrive/Documents/SV files/EE469_Labs_correct/ALU_pass_add_sub.sv Line: 8
Info (12021): Found 2 design units, including 2 entities, in source file alu.sv
    Info (12023): Found entity 1: alu File: C:/Users/spbhi/OneDrive/Documents/SV files/EE469_Labs_correct/ALU.sv Line: 17
    Info (12023): Found entity 2: ALUmini File: C:/Users/spbhi/OneDrive/Documents/SV files/EE469_Labs_correct/ALU.sv Line: 90
Info (12021): Found 2 design units, including 2 entities, in source file adder64_bit.sv
    Info (12023): Found entity 1: adder64_bit File: C:/Users/spbhi/OneDrive/Documents/SV files/EE469_Labs_correct/adder64_bit.sv Line: 8
    Info (12023): Found entity 2: adder64_bit_testbench File: C:/Users/spbhi/OneDrive/Documents/SV files/EE469_Labs_correct/adder64_bit.sv Line: 71
Info (12021): Found 2 design units, including 2 entities, in source file adder_4_pc.sv
    Info (12023): Found entity 1: adder_4_pc File: C:/Users/spbhi/OneDrive/Documents/SV files/EE469_Labs_correct/adder_4_pc.sv Line: 3
    Info (12023): Found entity 2: adder_4_pc_tb File: C:/Users/spbhi/OneDrive/Documents/SV files/EE469_Labs_correct/adder_4_pc.sv Line: 29
Info (12021): Found 1 design units, including 1 entities, in source file d_ff.sv
    Info (12023): Found entity 1: D_FF File: C:/Users/spbhi/OneDrive/Documents/SV files/EE469_Labs_correct/D_FF.sv Line: 4
Info (12021): Found 2 design units, including 2 entities, in source file reg2locmux.sv
    Info (12023): Found entity 1: reg2locMux File: C:/Users/spbhi/OneDrive/Documents/SV files/EE469_Labs_correct/reg2locMux.sv Line: 4
    Info (12023): Found entity 2: reg2locMux_tb File: C:/Users/spbhi/OneDrive/Documents/SV files/EE469_Labs_correct/reg2locMux.sv Line: 23
Info (12021): Found 2 design units, including 2 entities, in source file alu_control_unit.sv
    Info (12023): Found entity 1: ALU_control_unit File: C:/Users/spbhi/OneDrive/Documents/SV files/EE469_Labs_correct/ALU_control_unit.sv Line: 1
    Info (12023): Found entity 2: alu_control_unit_tb File: C:/Users/spbhi/OneDrive/Documents/SV files/EE469_Labs_correct/ALU_control_unit.sv Line: 104
Info (12021): Found 2 design units, including 2 entities, in source file cpu_control.sv
    Info (12023): Found entity 1: CPU_control File: C:/Users/spbhi/OneDrive/Documents/SV files/EE469_Labs_correct/CPU_control.sv Line: 9
    Info (12023): Found entity 2: CPU_control_tb File: C:/Users/spbhi/OneDrive/Documents/SV files/EE469_Labs_correct/CPU_control.sv Line: 327
Info (12021): Found 1 design units, including 1 entities, in source file flagregister.sv
    Info (12023): Found entity 1: flagRegister File: C:/Users/spbhi/OneDrive/Documents/SV files/EE469_Labs_correct/flagRegister.sv Line: 2
Info (12021): Found 2 design units, including 2 entities, in source file if_id_reg.sv
    Info (12023): Found entity 1: IF_ID_Reg File: C:/Users/spbhi/OneDrive/Documents/SV files/EE469_Labs_correct/IF_ID_Reg.sv Line: 4
    Info (12023): Found entity 2: IF_ID_Reg_tb File: C:/Users/spbhi/OneDrive/Documents/SV files/EE469_Labs_correct/IF_ID_Reg.sv Line: 60
Info (12021): Found 2 design units, including 2 entities, in source file id_ex_reg.sv
    Info (12023): Found entity 1: ID_EX_Reg File: C:/Users/spbhi/OneDrive/Documents/SV files/EE469_Labs_correct/ID_EX_Reg.sv Line: 2
    Info (12023): Found entity 2: ID_EX_Reg_tb File: C:/Users/spbhi/OneDrive/Documents/SV files/EE469_Labs_correct/ID_EX_Reg.sv Line: 144
Info (12021): Found 2 design units, including 2 entities, in source file forwarding.sv
    Info (12023): Found entity 1: forwarding File: C:/Users/spbhi/OneDrive/Documents/SV files/EE469_Labs_correct/forwarding.sv Line: 7
    Info (12023): Found entity 2: fwd_tb File: C:/Users/spbhi/OneDrive/Documents/SV files/EE469_Labs_correct/forwarding.sv Line: 85
Info (12021): Found 2 design units, including 2 entities, in source file ex_mem_reg.sv
    Info (12023): Found entity 1: EX_MEM_Reg File: C:/Users/spbhi/OneDrive/Documents/SV files/EE469_Labs_correct/EX_MEM_Reg.sv Line: 3
    Info (12023): Found entity 2: EX_MEM_Reg_tb File: C:/Users/spbhi/OneDrive/Documents/SV files/EE469_Labs_correct/EX_MEM_Reg.sv Line: 62
Info (12021): Found 2 design units, including 2 entities, in source file mem_wb_reg.sv
    Info (12023): Found entity 1: MEM_WB_Reg File: C:/Users/spbhi/OneDrive/Documents/SV files/EE469_Labs_correct/MEM_WB_Reg.sv Line: 2
    Info (12023): Found entity 2: MEM_WB_Reg_tb File: C:/Users/spbhi/OneDrive/Documents/SV files/EE469_Labs_correct/MEM_WB_Reg.sv Line: 54
Info (12021): Found 2 design units, including 2 entities, in source file branchcalcs.sv
    Info (12023): Found entity 1: branchCalcs File: C:/Users/spbhi/OneDrive/Documents/SV files/EE469_Labs_correct/branchCalcs.sv Line: 6
    Info (12023): Found entity 2: bc_tb File: C:/Users/spbhi/OneDrive/Documents/SV files/EE469_Labs_correct/branchCalcs.sv Line: 102
Info (12021): Found 2 design units, including 2 entities, in source file programcounterfix.sv
    Info (12023): Found entity 1: programCounterFix File: C:/Users/spbhi/OneDrive/Documents/SV files/EE469_Labs_correct/programCounterFix.sv Line: 6
    Info (12023): Found entity 2: PCF_tb File: C:/Users/spbhi/OneDrive/Documents/SV files/EE469_Labs_correct/programCounterFix.sv Line: 55
Info (12127): Elaborating entity "CPU_single" for the top level hierarchy
Info (12128): Elaborating entity "sign_extender" for hierarchy "sign_extender:condBranch" File: C:/Users/spbhi/OneDrive/Documents/SV files/EE469_Labs_correct/CPU_single.sv Line: 149
Info (12128): Elaborating entity "sign_extender" for hierarchy "sign_extender:uncondBranch" File: C:/Users/spbhi/OneDrive/Documents/SV files/EE469_Labs_correct/CPU_single.sv Line: 152
Info (12128): Elaborating entity "mux64x2_1" for hierarchy "mux64x2_1:branchType" File: C:/Users/spbhi/OneDrive/Documents/SV files/EE469_Labs_correct/CPU_single.sv Line: 154
Info (12128): Elaborating entity "mux2_1" for hierarchy "mux64x2_1:branchType|mux2_1:muxy[0].miniboi" File: C:/Users/spbhi/OneDrive/Documents/SV files/EE469_Labs_correct/mux64x2_1.sv Line: 26
Info (12128): Elaborating entity "IF_ID_Reg" for hierarchy "IF_ID_Reg:IF_ID" File: C:/Users/spbhi/OneDrive/Documents/SV files/EE469_Labs_correct/CPU_single.sv Line: 227
Info (12128): Elaborating entity "D_FF" for hierarchy "IF_ID_Reg:IF_ID|D_FF:IF_ID[0].dffs" File: C:/Users/spbhi/OneDrive/Documents/SV files/EE469_Labs_correct/IF_ID_Reg.sv Line: 33
Info (12128): Elaborating entity "ID_EX_Reg" for hierarchy "ID_EX_Reg:ID_EX" File: C:/Users/spbhi/OneDrive/Documents/SV files/EE469_Labs_correct/CPU_single.sv Line: 239
Info (12128): Elaborating entity "EX_MEM_Reg" for hierarchy "EX_MEM_Reg:EX_MEM" File: C:/Users/spbhi/OneDrive/Documents/SV files/EE469_Labs_correct/CPU_single.sv Line: 248
Info (12128): Elaborating entity "MEM_WB_Reg" for hierarchy "MEM_WB_Reg:MEM_WB" File: C:/Users/spbhi/OneDrive/Documents/SV files/EE469_Labs_correct/CPU_single.sv Line: 254
Info (12128): Elaborating entity "programCounterFix" for hierarchy "programCounterFix:pcf" File: C:/Users/spbhi/OneDrive/Documents/SV files/EE469_Labs_correct/CPU_single.sv Line: 262
Info (12128): Elaborating entity "adder_4_pc" for hierarchy "programCounterFix:pcf|adder_4_pc:adding" File: C:/Users/spbhi/OneDrive/Documents/SV files/EE469_Labs_correct/programCounterFix.sv Line: 33
Info (12128): Elaborating entity "fullAdder" for hierarchy "programCounterFix:pcf|adder_4_pc:adding|fullAdder:fA" File: C:/Users/spbhi/OneDrive/Documents/SV files/EE469_Labs_correct/adder_4_pc.sv Line: 19
Info (12128): Elaborating entity "instructmem" for hierarchy "instructmem:insts" File: C:/Users/spbhi/OneDrive/Documents/SV files/EE469_Labs_correct/CPU_single.sv Line: 265
Warning (10175): Verilog HDL warning at instructmem.sv(29): ignoring unsupported system task File: C:/Users/spbhi/OneDrive/Documents/SV files/EE469_Labs_correct/instructmem.sv Line: 29
Warning (10850): Verilog HDL warning at instructmem.sv(47): number of words (7) in memory file does not match the number of elements in the address range [0:255] File: C:/Users/spbhi/OneDrive/Documents/SV files/EE469_Labs_correct/instructmem.sv Line: 47
Info (10648): Verilog HDL Display System Task info at instructmem.sv(48): Running benchmark:  File: C:/Users/spbhi/OneDrive/Documents/SV files/EE469_Labs_correct/instructmem.sv Line: 48
Info (12128): Elaborating entity "CPU_control" for hierarchy "CPU_control:control" File: C:/Users/spbhi/OneDrive/Documents/SV files/EE469_Labs_correct/CPU_single.sv Line: 270
Info (12128): Elaborating entity "flagRegister" for hierarchy "flagRegister:flagsflagsflags" File: C:/Users/spbhi/OneDrive/Documents/SV files/EE469_Labs_correct/CPU_single.sv Line: 280
Info (12128): Elaborating entity "ALU_control_unit" for hierarchy "ALU_control_unit:aloo_control" File: C:/Users/spbhi/OneDrive/Documents/SV files/EE469_Labs_correct/CPU_single.sv Line: 284
Info (12128): Elaborating entity "reg2locMux" for hierarchy "reg2locMux:regToLoc" File: C:/Users/spbhi/OneDrive/Documents/SV files/EE469_Labs_correct/CPU_single.sv Line: 290
Info (12128): Elaborating entity "regfile" for hierarchy "regfile:reggy" File: C:/Users/spbhi/OneDrive/Documents/SV files/EE469_Labs_correct/CPU_single.sv Line: 302
Info (12128): Elaborating entity "decoder5_32" for hierarchy "regfile:reggy|decoder5_32:writeEnable" File: C:/Users/spbhi/OneDrive/Documents/SV files/EE469_Labs_correct/regfile.sv Line: 34
Info (12128): Elaborating entity "decoder2_4" for hierarchy "regfile:reggy|decoder5_32:writeEnable|decoder2_4:s1d0" File: C:/Users/spbhi/OneDrive/Documents/SV files/EE469_Labs_correct/decoder5_32.sv Line: 12
Info (12128): Elaborating entity "decoder3_8" for hierarchy "regfile:reggy|decoder5_32:writeEnable|decoder3_8:s2d3" File: C:/Users/spbhi/OneDrive/Documents/SV files/EE469_Labs_correct/decoder5_32.sv Line: 14
Info (12128): Elaborating entity "register64" for hierarchy "regfile:reggy|register64:outputGen[0].reggy" File: C:/Users/spbhi/OneDrive/Documents/SV files/EE469_Labs_correct/regfile.sv Line: 44
Info (12128): Elaborating entity "mux64x32_1" for hierarchy "regfile:reggy|mux64x32_1:read1" File: C:/Users/spbhi/OneDrive/Documents/SV files/EE469_Labs_correct/regfile.sv Line: 51
Info (12128): Elaborating entity "mux32_1" for hierarchy "regfile:reggy|mux64x32_1:read1|mux32_1:bitLevel[0].bigboi" File: C:/Users/spbhi/OneDrive/Documents/SV files/EE469_Labs_correct/mux64x32_1.sv Line: 42
Info (12128): Elaborating entity "mux16_1" for hierarchy "regfile:reggy|mux64x32_1:read1|mux32_1:bitLevel[0].bigboi|mux16_1:mux0" File: C:/Users/spbhi/OneDrive/Documents/SV files/EE469_Labs_correct/mux32_1.sv Line: 22
Info (12128): Elaborating entity "mux8_1" for hierarchy "regfile:reggy|mux64x32_1:read1|mux32_1:bitLevel[0].bigboi|mux16_1:mux0|mux8_1:mux0" File: C:/Users/spbhi/OneDrive/Documents/SV files/EE469_Labs_correct/mux16_1.sv Line: 14
Info (12128): Elaborating entity "mux4_1" for hierarchy "regfile:reggy|mux64x32_1:read1|mux32_1:bitLevel[0].bigboi|mux16_1:mux0|mux8_1:mux0|mux4_1:mux0" File: C:/Users/spbhi/OneDrive/Documents/SV files/EE469_Labs_correct/mux8_1.sv Line: 14
Info (12128): Elaborating entity "sign_extender" for hierarchy "sign_extender:daddrExtender" File: C:/Users/spbhi/OneDrive/Documents/SV files/EE469_Labs_correct/CPU_single.sv Line: 307
Info (12128): Elaborating entity "mux64x2_1_2scomp" for hierarchy "mux64x2_1_2scomp:flipOffset" File: C:/Users/spbhi/OneDrive/Documents/SV files/EE469_Labs_correct/CPU_single.sv Line: 309
Info (12128): Elaborating entity "adder64_bit" for hierarchy "adder64_bit:offsetAdd" File: C:/Users/spbhi/OneDrive/Documents/SV files/EE469_Labs_correct/CPU_single.sv Line: 313
Info (12128): Elaborating entity "zero_extender" for hierarchy "zero_extender:immExtender" File: C:/Users/spbhi/OneDrive/Documents/SV files/EE469_Labs_correct/CPU_single.sv Line: 319
Info (12128): Elaborating entity "alu" for hierarchy "alu:aloo" File: C:/Users/spbhi/OneDrive/Documents/SV files/EE469_Labs_correct/CPU_single.sv Line: 341
Info (12128): Elaborating entity "and_64_bit" for hierarchy "alu:aloo|and_64_bit:AND" File: C:/Users/spbhi/OneDrive/Documents/SV files/EE469_Labs_correct/ALU.sv Line: 63
Info (12128): Elaborating entity "or_64_bit" for hierarchy "alu:aloo|or_64_bit:OR" File: C:/Users/spbhi/OneDrive/Documents/SV files/EE469_Labs_correct/ALU.sv Line: 66
Info (12128): Elaborating entity "xor_64_bit" for hierarchy "alu:aloo|xor_64_bit:XOR" File: C:/Users/spbhi/OneDrive/Documents/SV files/EE469_Labs_correct/ALU.sv Line: 69
Info (12128): Elaborating entity "zeroCheck" for hierarchy "alu:aloo|zeroCheck:flag" File: C:/Users/spbhi/OneDrive/Documents/SV files/EE469_Labs_correct/ALU.sv Line: 80
Info (12128): Elaborating entity "mux64x8_1" for hierarchy "alu:aloo|mux64x8_1:ALU_opSel" File: C:/Users/spbhi/OneDrive/Documents/SV files/EE469_Labs_correct/ALU.sv Line: 86
Info (12128): Elaborating entity "mux64x4_1" for hierarchy "alu:aloo|mux64x8_1:ALU_opSel|mux64x4_1:first" File: C:/Users/spbhi/OneDrive/Documents/SV files/EE469_Labs_correct/mux64x8_1.sv Line: 16
Info (12128): Elaborating entity "forwarding" for hierarchy "forwarding:magicJohnson" File: C:/Users/spbhi/OneDrive/Documents/SV files/EE469_Labs_correct/CPU_single.sv Line: 346
Info (12128): Elaborating entity "branchCalcs" for hierarchy "branchCalcs:calcifer" File: C:/Users/spbhi/OneDrive/Documents/SV files/EE469_Labs_correct/CPU_single.sv Line: 362
Info (12128): Elaborating entity "shifter" for hierarchy "branchCalcs:calcifer|shifter:leftShift2" File: C:/Users/spbhi/OneDrive/Documents/SV files/EE469_Labs_correct/branchCalcs.sv Line: 48
Info (12128): Elaborating entity "datamem" for hierarchy "datamem:mems" File: C:/Users/spbhi/OneDrive/Documents/SV files/EE469_Labs_correct/CPU_single.sv Line: 387
Warning (10175): Verilog HDL warning at datamem.sv(23): ignoring unsupported system task File: C:/Users/spbhi/OneDrive/Documents/SV files/EE469_Labs_correct/datamem.sv Line: 23
Info (10264): Verilog HDL Case Statement information at datamem.sv(43): all case item expressions in this case statement are onehot File: C:/Users/spbhi/OneDrive/Documents/SV files/EE469_Labs_correct/datamem.sv Line: 43
Error (10232): Verilog HDL error at datamem.sv(58): index 71 cannot fall outside the declared range [63:0] for vector "read_data" File: C:/Users/spbhi/OneDrive/Documents/SV files/EE469_Labs_correct/datamem.sv Line: 58
Error (10232): Verilog HDL error at datamem.sv(58): index 64 cannot fall outside the declared range [63:0] for vector "read_data" File: C:/Users/spbhi/OneDrive/Documents/SV files/EE469_Labs_correct/datamem.sv Line: 58
Warning (10240): Verilog HDL Always Construct warning at datamem.sv(55): inferring latch(es) for variable "i", which holds its previous value in one or more paths through the always construct File: C:/Users/spbhi/OneDrive/Documents/SV files/EE469_Labs_correct/datamem.sv Line: 55
Error (10166): SystemVerilog RTL Coding error at datamem.sv(55): always_comb construct does not infer purely combinational logic. File: C:/Users/spbhi/OneDrive/Documents/SV files/EE469_Labs_correct/datamem.sv Line: 55
Error (12152): Can't elaborate user hierarchy "datamem:mems" File: C:/Users/spbhi/OneDrive/Documents/SV files/EE469_Labs_correct/CPU_single.sv Line: 387
Info (144001): Generated suppressed messages file C:/Users/spbhi/OneDrive/Documents/SV files/EE469_Labs_correct/DE1_SoC.map.smsg
Error: Quartus Prime Analysis & Synthesis was unsuccessful. 4 errors, 4 warnings
    Error: Peak virtual memory: 4860 megabytes
    Error: Processing ended: Thu Dec 01 21:30:31 2022
    Error: Elapsed time: 00:00:17
    Error: Total CPU time (on all processors): 00:00:24


+------------------------------------------+
; Analysis & Synthesis Suppressed Messages ;
+------------------------------------------+
The suppressed messages can be found in C:/Users/spbhi/OneDrive/Documents/SV files/EE469_Labs_correct/DE1_SoC.map.smsg.


